<?xml version="1.0" encoding="UTF-8"?>
<!-- Generated by org.testng.reporters.JUnitXMLReporter -->
<testsuite hostname="INDIRA-LENOVA" ignored="0" name="Go RegressionTest" tests="6" failures="0" timestamp="2021-04-03T16:55:16 PDT" time="7.459" errors="0">
  <testcase name="createUserApiTest" time="3.031" classname="com.qa.api.gorest.tests.CreateUserTest"/>
  <testcase name="getAllUserListApiTest" time="4.343" classname="com.qa.api.gorest.tests.GetUserListTest"/>
  <testcase name="createUserApiTest" time="1.048" classname="com.qa.api.gorest.tests.CreateUserTest"/>
  <testcase name="getUserWithQueryParamsApiTest" time="1.103" classname="com.qa.api.gorest.tests.GetUserListTest"/>
  <testcase name="createUserApiTest" time="0.988" classname="com.qa.api.gorest.tests.CreateUserTest"/>
  <testcase name="createUserApiTest" time="1.045" classname="com.qa.api.gorest.tests.CreateUserTest"/>
</testsuite> <!-- Go RegressionTest -->
