<?xml version="1.0" encoding="UTF-8"?>
<!-- Generated by org.testng.reporters.JUnitXMLReporter -->
<testsuite hostname="INDIRA-LENOVA" ignored="0" name="Go RegressionTest" tests="6" failures="0" timestamp="2021-04-03T16:52:14 PDT" time="7.577" errors="0">
  <testcase name="createUserApiTest" time="3.096" classname="com.qa.api.gorest.tests.CreateUserTest"/>
  <testcase name="getAllUserListApiTest" time="4.446" classname="com.qa.api.gorest.tests.GetUserListTest"/>
  <testcase name="createUserApiTest" time="1.064" classname="com.qa.api.gorest.tests.CreateUserTest"/>
  <testcase name="getUserWithQueryParamsApiTest" time="1.076" classname="com.qa.api.gorest.tests.GetUserListTest"/>
  <testcase name="createUserApiTest" time="1.04" classname="com.qa.api.gorest.tests.CreateUserTest"/>
  <testcase name="createUserApiTest" time="1.016" classname="com.qa.api.gorest.tests.CreateUserTest"/>
</testsuite> <!-- Go RegressionTest -->
